This is pdfTeX, Version 3.1415926-1.40.9 (MiKTeX 2.7) (preloaded format=latex 2010.4.4)  26 DEC 2013 04:57
entering extended mode
**\makeatletter\def\HCode{\futurelet\HCode\HChar}\def\HChar{\ifx\HCode\def\HCod
e##1{\Link##1}\expandafter\HCode\else\expandafter\Link\fi}\def\Link#1.a.b.c.{\g
@addto@macro\@documentclasshook{\RequirePackage[#1,html]{tex4ht}}\let\HCode\doc
umentstyle\def\documentstyle{\let\documentstyle\HCode\expandafter\def\csname te
x4ht\endcsname{#1,html}\def\HCode####1{\documentstyle[tex4ht,}\@ifnextchar[{\HC
ode}{\documentstyle[tex4ht]}}}\makeatother\HCode .a.b.c.\input  whatopenholdemi
snot.tex

! Emergency stop.
<*> ...Code .a.b.c.\input  whatopenholdemisnot.tex
                                                  
End of file on the terminal!

 
Here is how much of TeX's memory you used:
 6 strings out of 95305
 82 string characters out of 1183208
 45021 words of memory out of 1500000
 3309 multiletter control sequences out of 110000
 3640 words of font info for 14 fonts, out of 3000000 for 5000
 14 hyphenation exceptions out of 8191
 4i,0n,3p,1b,8s stack positions out of 5000i,500n,10000p,200000b,50000s
No pages of output.
